<?xml version="1.0" encoding="UTF-8"?>
<!-- Generated by org.testng.reporters.JUnitXMLReporter -->
<testsuite ignored="0" hostname="Naveen_Kumar" failures="1" tests="2" name="ErrorValidationTest" time="15.422" errors="0" timestamp="2024-08-22T17:27:29 IST">
  <testcase classname="Selenium.ErrorValidations" name="VerifyProductTest" time="3.482"/>
  <testcase classname="Selenium.ErrorValidations" name="invalidLoginTest" time="1.412">
    <failure type="junit.framework.ComparisonFailure" message="expected:&amp;lt;......&amp;gt; but was:&amp;lt;...or ...&amp;gt;">
      <![CDATA[junit.framework.ComparisonFailure: expected:<......> but was:<...or ...>
at junit.framework.Assert.assertEquals(Assert.java:81)
at junit.framework.Assert.assertEquals(Assert.java:87)
at Selenium.ErrorValidations.invalidLoginTest(ErrorValidations.java:39)
at java.base/java.util.ArrayList.forEach(ArrayList.java:1511)
at java.base/java.util.concurrent.FutureTask.run(FutureTask.java:264)
at java.base/java.util.concurrent.ThreadPoolExecutor.runWorker(ThreadPoolExecutor.java:1136)
at java.base/java.util.concurrent.ThreadPoolExecutor$Worker.run(ThreadPoolExecutor.java:635)
at java.base/java.lang.Thread.run(Thread.java:840)
... Removed 18 stack frames]]>
    </failure>
  </testcase> <!-- invalidLoginTest -->
</testsuite> <!-- ErrorValidationTest -->
