<?xml version="1.0" encoding="UTF-8"?>
<!-- Generated by org.testng.reporters.JUnitXMLReporter -->
<testsuite ignored="0" hostname="Naveen_Kumar" failures="0" tests="3" name="SubmitOrderTest" time="30.94" errors="0" timestamp="2024-08-22T17:27:44 IST">
  <testcase classname="Selenium.SubmitOrder" name="submitOrder" time="6.16"/>
  <testcase classname="Selenium.SubmitOrder" name="submitOrder" time="4.948"/>
  <testcase classname="Selenium.SubmitOrder" name="verifyOrders" time="2.192"/>
</testsuite> <!-- SubmitOrderTest -->
